This file contains any messages produced by compilers while
running configure, to aid debugging if configure makes a mistake.

It was created by libplist configure 2.1.0, which was
generated by GNU Autoconf 2.69.  Invocation command line was

  $ ./configure 

## --------- ##
## Platform. ##
## --------- ##

hostname = Kazuki-Yamamoto-MacBook-Pro-6.local
uname -m = x86_64
uname -r = 19.2.0
uname -s = Darwin
uname -v = Darwin Kernel Version 19.2.0: Sat Nov  9 03:47:04 PST 2019; root:xnu-6153.61.1~20/RELEASE_X86_64

/usr/bin/uname -p = i386
/bin/uname -X     = unknown

/bin/arch              = unknown
/usr/bin/arch -k       = unknown
/usr/convex/getsysinfo = unknown
/usr/bin/hostinfo      = Mach kernel version:
	 Darwin Kernel Version 19.2.0: Sat Nov  9 03:47:04 PST 2019; root:xnu-6153.61.1~20/RELEASE_X86_64
Kernel configured for up to 8 processors.
4 processors are physically available.
8 processors are logically available.
Processor type: x86_64h (Intel x86-64h Haswell)
Processors active: 0 1 2 3 4 5 6 7
Primary memory available: 16.00 gigabytes
Default processor set: 508 tasks, 2821 threads, 8 processors
Load average: 4.16, Mach factor: 3.84
/bin/machine           = unknown
/usr/bin/oslevel       = unknown
/bin/universe          = unknown

PATH: /Applications/Xcode11.3.app/Contents/Developer/Toolchains/XcodeDefault.xctoolchain/usr/bin
PATH: /Applications/Xcode11.3.app/Contents/Developer/Toolchains/XcodeDefault.xctoolchain/usr/local/bin
PATH: /Applications/Xcode11.3.app/Contents/Developer/Toolchains/XcodeDefault.xctoolchain/usr/libexec
PATH: /Applications/Xcode11.3.app/Contents/Developer/Platforms/MacOSX.platform/usr/bin
PATH: /Applications/Xcode11.3.app/Contents/Developer/Platforms/MacOSX.platform/usr/local/bin
PATH: /Applications/Xcode11.3.app/Contents/Developer/Platforms/MacOSX.platform/Developer/usr/bin
PATH: /Applications/Xcode11.3.app/Contents/Developer/Platforms/MacOSX.platform/Developer/usr/local/bin
PATH: /Applications/Xcode11.3.app/Contents/Developer/usr/bin
PATH: /Applications/Xcode11.3.app/Contents/Developer/usr/local/bin
PATH: /usr/local/bin
PATH: /usr/bin
PATH: /bin
PATH: /usr/sbin
PATH: /sbin


## ----------- ##
## Core tests. ##
## ----------- ##

configure:2562: checking for a BSD-compatible install
configure:2630: result: /usr/bin/install -c
configure:2641: checking whether build environment is sane
configure:2696: result: yes
configure:2847: checking for a thread-safe mkdir -p
configure:2886: result: ./install-sh -c -d
configure:2893: checking for gawk
configure:2923: result: no
configure:2893: checking for mawk
configure:2923: result: no
configure:2893: checking for nawk
configure:2923: result: no
configure:2893: checking for awk
configure:2909: found /usr/bin/awk
configure:2920: result: awk
configure:2931: checking whether make sets $(MAKE)
configure:2953: result: yes
configure:2982: checking whether make supports nested variables
configure:2999: result: yes
configure:3136: checking whether make supports nested variables
configure:3153: result: yes
configure:3233: checking for gcc
configure:3260: result: clang
configure:3489: checking for C compiler version
configure:3498: clang --version >&5
Apple clang version 11.0.0 (clang-1100.0.33.16)
Target: x86_64-apple-darwin19.2.0
Thread model: posix
InstalledDir: /Applications/Xcode11.3.app/Contents/Developer/Toolchains/XcodeDefault.xctoolchain/usr/bin
configure:3509: $? = 0
configure:3498: clang -v >&5
Apple clang version 11.0.0 (clang-1100.0.33.16)
Target: x86_64-apple-darwin19.2.0
Thread model: posix
InstalledDir: /Applications/Xcode11.3.app/Contents/Developer/Toolchains/XcodeDefault.xctoolchain/usr/bin
configure:3509: $? = 0
configure:3498: clang -V >&5
clang: error: unsupported option '-V -Wno-framework-include-private-from-public'
clang: error: no input files
configure:3509: $? = 1
configure:3498: clang -qversion >&5
clang: error: unknown argument '-qversion', did you mean '--version'?
clang: error: no input files
configure:3509: $? = 1
configure:3529: checking whether the C compiler works
configure:3551: clang    conftest.c  >&5
configure:3555: $? = 0
configure:3603: result: yes
configure:3606: checking for C compiler default output file name
configure:3608: result: a.out
configure:3614: checking for suffix of executables
configure:3621: clang -o conftest    conftest.c  >&5
configure:3625: $? = 0
configure:3647: result: 
configure:3669: checking whether we are cross compiling
configure:3677: clang -o conftest    conftest.c  >&5
configure:3681: $? = 0
configure:3688: ./conftest
configure:3692: $? = 0
configure:3707: result: no
configure:3712: checking for suffix of object files
configure:3734: clang -c   conftest.c >&5
configure:3738: $? = 0
configure:3759: result: o
configure:3763: checking whether we are using the GNU C compiler
configure:3782: clang -c   conftest.c >&5
configure:3782: $? = 0
configure:3791: result: yes
configure:3800: checking whether clang accepts -g
configure:3820: clang -c -g  conftest.c >&5
configure:3820: $? = 0
configure:3861: result: yes
configure:3878: checking for clang option to accept ISO C89
configure:3941: clang  -c -g -O2  conftest.c >&5
configure:3941: $? = 0
configure:3954: result: none needed
configure:3979: checking whether clang understands -c and -o together
configure:4001: clang -c conftest.c -o conftest2.o
configure:4004: $? = 0
configure:4001: clang -c conftest.c -o conftest2.o
configure:4004: $? = 0
configure:4016: result: yes
configure:4036: checking whether make supports the include directive
configure:4051: make -f confmf.GNU && cat confinc.out
this is the am__doit target
configure:4054: $? = 0
configure:4073: result: yes (GNU style)
configure:4098: checking dependency style of clang
configure:4209: result: gcc3
configure:4336: checking for C++ compiler version
configure:4345: clang++ --version >&5
Apple clang version 11.0.0 (clang-1100.0.33.16)
Target: x86_64-apple-darwin19.2.0
Thread model: posix
InstalledDir: /Applications/Xcode11.3.app/Contents/Developer/Toolchains/XcodeDefault.xctoolchain/usr/bin
configure:4356: $? = 0
configure:4345: clang++ -v >&5
Apple clang version 11.0.0 (clang-1100.0.33.16)
Target: x86_64-apple-darwin19.2.0
Thread model: posix
InstalledDir: /Applications/Xcode11.3.app/Contents/Developer/Toolchains/XcodeDefault.xctoolchain/usr/bin
configure:4356: $? = 0
configure:4345: clang++ -V >&5
clang: error: unsupported option '-V -Wno-framework-include-private-from-public'
clang: error: no input files
configure:4356: $? = 1
configure:4345: clang++ -qversion >&5
clang: error: unknown argument '-qversion', did you mean '--version'?
clang: error: no input files
configure:4356: $? = 1
configure:4360: checking whether we are using the GNU C++ compiler
configure:4379: clang++ -c   conftest.cpp >&5
configure:4379: $? = 0
configure:4388: result: yes
configure:4397: checking whether clang++ accepts -g
configure:4417: clang++ -c -g  conftest.cpp >&5
configure:4417: $? = 0
configure:4458: result: yes
configure:4483: checking dependency style of clang++
configure:4594: result: gcc3
configure:4617: checking whether clang++ is available and compiles a program
configure:4631: clang++ -c -g -O2  conftest.cpp >&5
configure:4631: $? = 0
configure:4632: result: yes
configure:4677: checking build system type
configure:4691: result: x86_64-apple-darwin19.2.0
configure:4711: checking host system type
configure:4724: result: x86_64-apple-darwin19.2.0
configure:4765: checking how to print strings
configure:4792: result: printf
configure:4813: checking for a sed that does not truncate output
configure:4877: result: /usr/bin/sed
configure:4895: checking for grep that handles long lines and -e
configure:4953: result: /usr/bin/grep
configure:4958: checking for egrep
configure:5020: result: /usr/bin/grep -E
configure:5025: checking for fgrep
configure:5087: result: /usr/bin/grep -F
configure:5122: checking for ld used by clang
configure:5189: result: /Applications/Xcode11.3.app/Contents/Developer/Toolchains/XcodeDefault.xctoolchain/usr/bin/ld
configure:5196: checking if the linker (/Applications/Xcode11.3.app/Contents/Developer/Toolchains/XcodeDefault.xctoolchain/usr/bin/ld) is GNU ld
configure:5211: result: no
configure:5223: checking for BSD- or MS-compatible name lister (nm)
configure:5277: result: /Applications/Xcode11.3.app/Contents/Developer/Toolchains/XcodeDefault.xctoolchain/usr/bin/nm -B
configure:5407: checking the name lister (/Applications/Xcode11.3.app/Contents/Developer/Toolchains/XcodeDefault.xctoolchain/usr/bin/nm -B) interface
configure:5414: clang -c -g -O2  conftest.c >&5
configure:5417: /Applications/Xcode11.3.app/Contents/Developer/Toolchains/XcodeDefault.xctoolchain/usr/bin/nm -B "conftest.o"
configure:5420: output
000000000000022c S _some_variable
configure:5427: result: BSD nm
configure:5430: checking whether ln -s works
configure:5434: result: yes
configure:5442: checking the maximum length of command line arguments
configure:5573: result: 196608
configure:5621: checking how to convert x86_64-apple-darwin19.2.0 file names to x86_64-apple-darwin19.2.0 format
configure:5661: result: func_convert_file_noop
configure:5668: checking how to convert x86_64-apple-darwin19.2.0 file names to toolchain format
configure:5688: result: func_convert_file_noop
configure:5695: checking for /Applications/Xcode11.3.app/Contents/Developer/Toolchains/XcodeDefault.xctoolchain/usr/bin/ld option to reload object files
configure:5702: result: -r
configure:5776: checking for objdump
configure:5792: found /Applications/Xcode11.3.app/Contents/Developer/Toolchains/XcodeDefault.xctoolchain/usr/bin/objdump
configure:5803: result: objdump
configure:5835: checking how to recognize dependent libraries
configure:6035: result: pass_all
configure:6120: checking for dlltool
configure:6150: result: no
configure:6180: checking how to associate runtime and link libraries
configure:6207: result: printf %s\n
configure:6268: checking for ar
configure:6284: found /Applications/Xcode11.3.app/Contents/Developer/Toolchains/XcodeDefault.xctoolchain/usr/bin/ar
configure:6295: result: ar
configure:6332: checking for archiver @FILE support
configure:6349: clang -c -g -O2  conftest.c >&5
configure:6349: $? = 0
configure:6352: ar cru libconftest.a @conftest.lst >&5
ar: @conftest.lst: No such file or directory
configure:6355: $? = 1
configure:6375: result: no
configure:6433: checking for strip
configure:6449: found /Applications/Xcode11.3.app/Contents/Developer/Toolchains/XcodeDefault.xctoolchain/usr/bin/strip
configure:6460: result: strip
configure:6532: checking for ranlib
configure:6548: found /Applications/Xcode11.3.app/Contents/Developer/Toolchains/XcodeDefault.xctoolchain/usr/bin/ranlib
configure:6559: result: ranlib
configure:6661: checking command to parse /Applications/Xcode11.3.app/Contents/Developer/Toolchains/XcodeDefault.xctoolchain/usr/bin/nm -B output from clang object
configure:6814: clang -c -g -O2  conftest.c >&5
configure:6817: $? = 0
configure:6821: /Applications/Xcode11.3.app/Contents/Developer/Toolchains/XcodeDefault.xctoolchain/usr/bin/nm -B conftest.o \| sed -n -e 's/^.*[ ]\([BCDEGRST][BCDEGRST]*\)[ ][ ]*\([_A-Za-z][_A-Za-z0-9]*\)$/\1 \2 \2/p' | sed '/ __gnu_lto/d' \> conftest.nm
configure:6824: $? = 0
cannot find nm_test_var in conftest.nm
configure:6814: clang -c -g -O2  conftest.c >&5
configure:6817: $? = 0
configure:6821: /Applications/Xcode11.3.app/Contents/Developer/Toolchains/XcodeDefault.xctoolchain/usr/bin/nm -B conftest.o \| sed -n -e 's/^.*[ ]\([BCDEGRST][BCDEGRST]*\)[ ][ ]*_\([_A-Za-z][_A-Za-z0-9]*\)$/\1 _\2 \2/p' | sed '/ __gnu_lto/d' \> conftest.nm
configure:6824: $? = 0
configure:6890: clang -o conftest -g -O2   conftest.c conftstm.o >&5
warning: (x86_64)  could not find object file symbol for symbol _main
configure:6893: $? = 0
configure:6931: result: ok
configure:6978: checking for sysroot
configure:7008: result: no
configure:7015: checking for a working dd
configure:7053: result: /bin/dd
configure:7057: checking how to truncate binary pipes
configure:7072: result: /bin/dd bs=4096 count=1
configure:7401: checking for mt
configure:7431: result: no
configure:7451: checking if : is a manifest tool
configure:7457: : '-?'
configure:7465: result: no
configure:7521: checking for dsymutil
configure:7537: found /Applications/Xcode11.3.app/Contents/Developer/Toolchains/XcodeDefault.xctoolchain/usr/bin/dsymutil
configure:7548: result: dsymutil
configure:7613: checking for nmedit
configure:7629: found /Applications/Xcode11.3.app/Contents/Developer/Toolchains/XcodeDefault.xctoolchain/usr/bin/nmedit
configure:7640: result: nmedit
configure:7705: checking for lipo
configure:7721: found /Applications/Xcode11.3.app/Contents/Developer/Toolchains/XcodeDefault.xctoolchain/usr/bin/lipo
configure:7732: result: lipo
configure:7797: checking for otool
configure:7813: found /Applications/Xcode11.3.app/Contents/Developer/Toolchains/XcodeDefault.xctoolchain/usr/bin/otool
configure:7824: result: otool
configure:7889: checking for otool64
configure:7919: result: no
configure:7964: checking for -single_module linker flag
clang -g -O2  -o libconftest.dylib -dynamiclib -Wl,-single_module conftest.c
configure:7997: result: yes
configure:8000: checking for -exported_symbols_list linker flag
configure:8020: clang -o conftest -g -O2   -Wl,-exported_symbols_list,conftest.sym conftest.c  >&5
configure:8020: $? = 0
configure:8030: result: yes
configure:8033: checking for -force_load linker flag
clang -g -O2 -c -o conftest.o conftest.c
ar cru libconftest.a conftest.o
ranlib libconftest.a
clang -g -O2  -o conftest conftest.c -Wl,-force_load,./libconftest.a
configure:8065: result: yes
configure:8142: checking how to run the C preprocessor
configure:8173: clang -E  conftest.c
configure:8173: $? = 0
configure:8187: clang -E  conftest.c
conftest.c:11:10: fatal error: 'ac_nonexistent.h' file not found
#include <ac_nonexistent.h>
         ^~~~~~~~~~~~~~~~~~
1 error generated.
configure:8187: $? = 1
configure: failed program was:
| /* confdefs.h */
| #define PACKAGE_NAME "libplist"
| #define PACKAGE_TARNAME "libplist"
| #define PACKAGE_VERSION "2.1.0"
| #define PACKAGE_STRING "libplist 2.1.0"
| #define PACKAGE_BUGREPORT "https://github.com/libimobiledevice/libplist/issues"
| #define PACKAGE_URL "http://libimobiledevice.org"
| #define PACKAGE "libplist"
| #define VERSION "2.1.0"
| /* end confdefs.h.  */
| #include <ac_nonexistent.h>
configure:8212: result: clang -E
configure:8232: clang -E  conftest.c
configure:8232: $? = 0
configure:8246: clang -E  conftest.c
conftest.c:11:10: fatal error: 'ac_nonexistent.h' file not found
#include <ac_nonexistent.h>
         ^~~~~~~~~~~~~~~~~~
1 error generated.
configure:8246: $? = 1
configure: failed program was:
| /* confdefs.h */
| #define PACKAGE_NAME "libplist"
| #define PACKAGE_TARNAME "libplist"
| #define PACKAGE_VERSION "2.1.0"
| #define PACKAGE_STRING "libplist 2.1.0"
| #define PACKAGE_BUGREPORT "https://github.com/libimobiledevice/libplist/issues"
| #define PACKAGE_URL "http://libimobiledevice.org"
| #define PACKAGE "libplist"
| #define VERSION "2.1.0"
| /* end confdefs.h.  */
| #include <ac_nonexistent.h>
configure:8275: checking for ANSI C header files
configure:8295: clang -c -g -O2  conftest.c >&5
configure:8295: $? = 0
configure:8368: clang -o conftest -g -O2   conftest.c  >&5
configure:8368: $? = 0
configure:8368: ./conftest
configure:8368: $? = 0
configure:8379: result: yes
configure:8392: checking for sys/types.h
configure:8392: clang -c -g -O2  conftest.c >&5
configure:8392: $? = 0
configure:8392: result: yes
configure:8392: checking for sys/stat.h
configure:8392: clang -c -g -O2  conftest.c >&5
configure:8392: $? = 0
configure:8392: result: yes
configure:8392: checking for stdlib.h
configure:8392: clang -c -g -O2  conftest.c >&5
configure:8392: $? = 0
configure:8392: result: yes
configure:8392: checking for string.h
configure:8392: clang -c -g -O2  conftest.c >&5
configure:8392: $? = 0
configure:8392: result: yes
configure:8392: checking for memory.h
configure:8392: clang -c -g -O2  conftest.c >&5
configure:8392: $? = 0
configure:8392: result: yes
configure:8392: checking for strings.h
configure:8392: clang -c -g -O2  conftest.c >&5
configure:8392: $? = 0
configure:8392: result: yes
configure:8392: checking for inttypes.h
configure:8392: clang -c -g -O2  conftest.c >&5
configure:8392: $? = 0
configure:8392: result: yes
configure:8392: checking for stdint.h
configure:8392: clang -c -g -O2  conftest.c >&5
configure:8392: $? = 0
configure:8392: result: yes
configure:8392: checking for unistd.h
configure:8392: clang -c -g -O2  conftest.c >&5
configure:8392: $? = 0
configure:8392: result: yes
configure:8406: checking for dlfcn.h
configure:8406: clang -c -g -O2  conftest.c >&5
configure:8406: $? = 0
configure:8406: result: yes
configure:8672: checking for objdir
configure:8687: result: .libs
configure:8951: checking if clang supports -fno-rtti -fno-exceptions
configure:8969: clang -c -g -O2  -fno-rtti -fno-exceptions conftest.c >&5
configure:8973: $? = 0
configure:8986: result: yes
configure:9344: checking for clang option to produce PIC
configure:9351: result: -fno-common -DPIC
configure:9359: checking if clang PIC flag -fno-common -DPIC works
configure:9377: clang -c -g -O2  -fno-common -DPIC -DPIC conftest.c >&5
configure:9381: $? = 0
configure:9394: result: yes
configure:9423: checking if clang static flag -static works
configure:9451: result: no
configure:9466: checking if clang supports -c -o file.o
configure:9487: clang -c -g -O2  -o out/conftest2.o conftest.c >&5
configure:9491: $? = 0
configure:9513: result: yes
configure:9521: checking if clang supports -c -o file.o
configure:9568: result: yes
configure:9601: checking whether the clang linker (/Applications/Xcode11.3.app/Contents/Developer/Toolchains/XcodeDefault.xctoolchain/usr/bin/ld) supports shared libraries
configure:10860: result: yes
configure:11100: checking dynamic linker characteristics
configure:11918: result: darwin19.2.0 dyld
configure:12040: checking how to hardcode library paths into programs
configure:12065: result: immediate
configure:12613: checking whether stripping libraries is possible
configure:12627: result: yes
configure:12653: checking if libtool supports shared libraries
configure:12655: result: yes
configure:12658: checking whether to build shared libraries
configure:12683: result: yes
configure:12686: checking whether to build static libraries
configure:12690: result: yes
configure:12713: checking how to run the C++ preprocessor
configure:12740: clang++ -E  conftest.cpp
configure:12740: $? = 0
configure:12754: clang++ -E  conftest.cpp
conftest.cpp:23:10: fatal error: 'ac_nonexistent.h' file not found
#include <ac_nonexistent.h>
         ^~~~~~~~~~~~~~~~~~
1 error generated.
configure:12754: $? = 1
configure: failed program was:
| /* confdefs.h */
| #define PACKAGE_NAME "libplist"
| #define PACKAGE_TARNAME "libplist"
| #define PACKAGE_VERSION "2.1.0"
| #define PACKAGE_STRING "libplist 2.1.0"
| #define PACKAGE_BUGREPORT "https://github.com/libimobiledevice/libplist/issues"
| #define PACKAGE_URL "http://libimobiledevice.org"
| #define PACKAGE "libplist"
| #define VERSION "2.1.0"
| #define STDC_HEADERS 1
| #define HAVE_SYS_TYPES_H 1
| #define HAVE_SYS_STAT_H 1
| #define HAVE_STDLIB_H 1
| #define HAVE_STRING_H 1
| #define HAVE_MEMORY_H 1
| #define HAVE_STRINGS_H 1
| #define HAVE_INTTYPES_H 1
| #define HAVE_STDINT_H 1
| #define HAVE_UNISTD_H 1
| #define HAVE_DLFCN_H 1
| #define LT_OBJDIR ".libs/"
| /* end confdefs.h.  */
| #include <ac_nonexistent.h>
configure:12779: result: clang++ -E
configure:12799: clang++ -E  conftest.cpp
configure:12799: $? = 0
configure:12813: clang++ -E  conftest.cpp
conftest.cpp:23:10: fatal error: 'ac_nonexistent.h' file not found
#include <ac_nonexistent.h>
         ^~~~~~~~~~~~~~~~~~
1 error generated.
configure:12813: $? = 1
configure: failed program was:
| /* confdefs.h */
| #define PACKAGE_NAME "libplist"
| #define PACKAGE_TARNAME "libplist"
| #define PACKAGE_VERSION "2.1.0"
| #define PACKAGE_STRING "libplist 2.1.0"
| #define PACKAGE_BUGREPORT "https://github.com/libimobiledevice/libplist/issues"
| #define PACKAGE_URL "http://libimobiledevice.org"
| #define PACKAGE "libplist"
| #define VERSION "2.1.0"
| #define STDC_HEADERS 1
| #define HAVE_SYS_TYPES_H 1
| #define HAVE_SYS_STAT_H 1
| #define HAVE_STDLIB_H 1
| #define HAVE_STRING_H 1
| #define HAVE_MEMORY_H 1
| #define HAVE_STRINGS_H 1
| #define HAVE_INTTYPES_H 1
| #define HAVE_STDINT_H 1
| #define HAVE_UNISTD_H 1
| #define HAVE_DLFCN_H 1
| #define LT_OBJDIR ".libs/"
| /* end confdefs.h.  */
| #include <ac_nonexistent.h>
configure:12975: checking for ld used by clang++
configure:13042: result: /Applications/Xcode11.3.app/Contents/Developer/Toolchains/XcodeDefault.xctoolchain/usr/bin/ld
configure:13049: checking if the linker (/Applications/Xcode11.3.app/Contents/Developer/Toolchains/XcodeDefault.xctoolchain/usr/bin/ld) is GNU ld
configure:13064: result: no
configure:13119: checking whether the clang++ linker (/Applications/Xcode11.3.app/Contents/Developer/Toolchains/XcodeDefault.xctoolchain/usr/bin/ld) supports shared libraries
configure:14192: result: yes
configure:14228: clang++ -c -g -O2  conftest.cpp >&5
configure:14231: $? = 0
configure:14712: checking for clang++ option to produce PIC
configure:14719: result: -fno-common -DPIC
configure:14727: checking if clang++ PIC flag -fno-common -DPIC works
configure:14745: clang++ -c -g -O2  -fno-common -DPIC -DPIC conftest.cpp >&5
configure:14749: $? = 0
configure:14762: result: yes
configure:14785: checking if clang++ static flag -static works
configure:14813: result: no
configure:14825: checking if clang++ supports -c -o file.o
configure:14846: clang++ -c -g -O2  -o out/conftest2.o conftest.cpp >&5
configure:14850: $? = 0
configure:14872: result: yes
configure:14877: checking if clang++ supports -c -o file.o
configure:14924: result: yes
configure:14954: checking whether the clang++ linker (/Applications/Xcode11.3.app/Contents/Developer/Toolchains/XcodeDefault.xctoolchain/usr/bin/ld) supports shared libraries
configure:14994: result: yes
configure:15135: checking dynamic linker characteristics
configure:15880: result: darwin19.2.0 dyld
configure:15945: checking how to hardcode library paths into programs
configure:15970: result: immediate
configure:16033: checking for ANSI C header files
configure:16137: result: yes
configure:16148: checking for stdint.h
configure:16148: result: yes
configure:16148: checking for stdlib.h
configure:16148: result: yes
configure:16148: checking for string.h
configure:16148: result: yes
configure:16160: checking for an ANSI C-conforming const
configure:16226: clang -c -g -O2  conftest.c >&5
configure:16226: $? = 0
configure:16233: result: yes
configure:16241: checking for size_t
configure:16241: clang -c -g -O2  conftest.c >&5
configure:16241: $? = 0
configure:16241: clang -c -g -O2  conftest.c >&5
conftest.c:63:21: error: expected expression
if (sizeof ((size_t)))
                    ^
1 error generated.
configure:16241: $? = 1
configure: failed program was:
| /* confdefs.h */
| #define PACKAGE_NAME "libplist"
| #define PACKAGE_TARNAME "libplist"
| #define PACKAGE_VERSION "2.1.0"
| #define PACKAGE_STRING "libplist 2.1.0"
| #define PACKAGE_BUGREPORT "https://github.com/libimobiledevice/libplist/issues"
| #define PACKAGE_URL "http://libimobiledevice.org"
| #define PACKAGE "libplist"
| #define VERSION "2.1.0"
| #define STDC_HEADERS 1
| #define HAVE_SYS_TYPES_H 1
| #define HAVE_SYS_STAT_H 1
| #define HAVE_STDLIB_H 1
| #define HAVE_STRING_H 1
| #define HAVE_MEMORY_H 1
| #define HAVE_STRINGS_H 1
| #define HAVE_INTTYPES_H 1
| #define HAVE_STDINT_H 1
| #define HAVE_UNISTD_H 1
| #define HAVE_DLFCN_H 1
| #define LT_OBJDIR ".libs/"
| #define STDC_HEADERS 1
| #define HAVE_STDINT_H 1
| #define HAVE_STDLIB_H 1
| #define HAVE_STRING_H 1
| /* end confdefs.h.  */
| #include <stdio.h>
| #ifdef HAVE_SYS_TYPES_H
| # include <sys/types.h>
| #endif
| #ifdef HAVE_SYS_STAT_H
| # include <sys/stat.h>
| #endif
| #ifdef STDC_HEADERS
| # include <stdlib.h>
| # include <stddef.h>
| #else
| # ifdef HAVE_STDLIB_H
| #  include <stdlib.h>
| # endif
| #endif
| #ifdef HAVE_STRING_H
| # if !defined STDC_HEADERS && defined HAVE_MEMORY_H
| #  include <memory.h>
| # endif
| # include <string.h>
| #endif
| #ifdef HAVE_STRINGS_H
| # include <strings.h>
| #endif
| #ifdef HAVE_INTTYPES_H
| # include <inttypes.h>
| #endif
| #ifdef HAVE_STDINT_H
| # include <stdint.h>
| #endif
| #ifdef HAVE_UNISTD_H
| # include <unistd.h>
| #endif
| int
| main ()
| {
| if (sizeof ((size_t)))
| 	    return 0;
|   ;
|   return 0;
| }
configure:16241: result: yes
configure:16252: checking for ssize_t
configure:16252: clang -c -g -O2  conftest.c >&5
configure:16252: $? = 0
configure:16252: clang -c -g -O2  conftest.c >&5
conftest.c:63:22: error: expected expression
if (sizeof ((ssize_t)))
                     ^
1 error generated.
configure:16252: $? = 1
configure: failed program was:
| /* confdefs.h */
| #define PACKAGE_NAME "libplist"
| #define PACKAGE_TARNAME "libplist"
| #define PACKAGE_VERSION "2.1.0"
| #define PACKAGE_STRING "libplist 2.1.0"
| #define PACKAGE_BUGREPORT "https://github.com/libimobiledevice/libplist/issues"
| #define PACKAGE_URL "http://libimobiledevice.org"
| #define PACKAGE "libplist"
| #define VERSION "2.1.0"
| #define STDC_HEADERS 1
| #define HAVE_SYS_TYPES_H 1
| #define HAVE_SYS_STAT_H 1
| #define HAVE_STDLIB_H 1
| #define HAVE_STRING_H 1
| #define HAVE_MEMORY_H 1
| #define HAVE_STRINGS_H 1
| #define HAVE_INTTYPES_H 1
| #define HAVE_STDINT_H 1
| #define HAVE_UNISTD_H 1
| #define HAVE_DLFCN_H 1
| #define LT_OBJDIR ".libs/"
| #define STDC_HEADERS 1
| #define HAVE_STDINT_H 1
| #define HAVE_STDLIB_H 1
| #define HAVE_STRING_H 1
| /* end confdefs.h.  */
| #include <stdio.h>
| #ifdef HAVE_SYS_TYPES_H
| # include <sys/types.h>
| #endif
| #ifdef HAVE_SYS_STAT_H
| # include <sys/stat.h>
| #endif
| #ifdef STDC_HEADERS
| # include <stdlib.h>
| # include <stddef.h>
| #else
| # ifdef HAVE_STDLIB_H
| #  include <stdlib.h>
| # endif
| #endif
| #ifdef HAVE_STRING_H
| # if !defined STDC_HEADERS && defined HAVE_MEMORY_H
| #  include <memory.h>
| # endif
| # include <string.h>
| #endif
| #ifdef HAVE_STRINGS_H
| # include <strings.h>
| #endif
| #ifdef HAVE_INTTYPES_H
| # include <inttypes.h>
| #endif
| #ifdef HAVE_STDINT_H
| # include <stdint.h>
| #endif
| #ifdef HAVE_UNISTD_H
| # include <unistd.h>
| #endif
| int
| main ()
| {
| if (sizeof ((ssize_t)))
| 	    return 0;
|   ;
|   return 0;
| }
configure:16252: result: yes
configure:16263: checking for uint16_t
configure:16263: clang -c -g -O2  conftest.c >&5
configure:16263: $? = 0
configure:16263: result: yes
configure:16275: checking for uint32_t
configure:16275: clang -c -g -O2  conftest.c >&5
configure:16275: $? = 0
configure:16275: result: yes
configure:16289: checking for uint8_t
configure:16289: clang -c -g -O2  conftest.c >&5
configure:16289: $? = 0
configure:16289: result: yes
configure:16308: checking for asprintf
configure:16308: clang -o conftest -g -O2   conftest.c  >&5
conftest.c:61:18: warning: format string missing [-Wformat]
return asprintf ();
       ~~~~~~~~  ^
1 warning generated.
configure:16308: $? = 0
configure:16308: result: yes
configure:16308: checking for strcasecmp
configure:16308: clang -o conftest -g -O2   conftest.c  >&5
conftest.c:51:6: warning: incompatible redeclaration of library function 'strcasecmp' [-Wincompatible-library-redeclaration]
char strcasecmp ();
     ^
conftest.c:51:6: note: 'strcasecmp' is a builtin with type 'int (const char *, const char *)'
1 warning generated.
configure:16308: $? = 0
configure:16308: result: yes
configure:16308: checking for strdup
configure:16308: clang -o conftest -g -O2   conftest.c  >&5
conftest.c:52:6: warning: incompatible redeclaration of library function 'strdup' [-Wincompatible-library-redeclaration]
char strdup ();
     ^
conftest.c:52:6: note: 'strdup' is a builtin with type 'char *(const char *)'
1 warning generated.
configure:16308: $? = 0
configure:16308: result: yes
configure:16308: checking for strerror
configure:16308: clang -o conftest -g -O2   conftest.c  >&5
conftest.c:53:6: warning: incompatible redeclaration of library function 'strerror' [-Wincompatible-library-redeclaration]
char strerror ();
     ^
conftest.c:53:6: note: 'strerror' is a builtin with type 'char *(int)'
1 warning generated.
configure:16308: $? = 0
configure:16308: result: yes
configure:16308: checking for strndup
configure:16308: clang -o conftest -g -O2   conftest.c  >&5
conftest.c:54:6: warning: incompatible redeclaration of library function 'strndup' [-Wincompatible-library-redeclaration]
char strndup ();
     ^
conftest.c:54:6: note: 'strndup' is a builtin with type 'char *(const char *, unsigned long)'
1 warning generated.
configure:16308: $? = 0
configure:16308: result: yes
configure:16308: checking for stpcpy
configure:16308: clang -o conftest -g -O2   conftest.c  >&5
conftest.c:55:6: warning: incompatible redeclaration of library function 'stpcpy' [-Wincompatible-library-redeclaration]
char stpcpy ();
     ^
conftest.c:55:6: note: 'stpcpy' is a builtin with type 'char *(char *, const char *)'
1 warning generated.
configure:16308: $? = 0
configure:16308: result: yes
configure:16308: checking for vasprintf
configure:16308: clang -o conftest -g -O2   conftest.c  >&5
conftest.c:67:19: warning: format string missing [-Wformat]
return vasprintf ();
       ~~~~~~~~~  ^
1 warning generated.
configure:16308: $? = 0
configure:16308: result: yes
configure:16308: checking for gmtime_r
configure:16308: clang -o conftest -g -O2   conftest.c  >&5
configure:16308: $? = 0
configure:16308: result: yes
configure:16308: checking for localtime_r
configure:16308: clang -o conftest -g -O2   conftest.c  >&5
configure:16308: $? = 0
configure:16308: result: yes
configure:16308: checking for timegm
configure:16308: clang -o conftest -g -O2   conftest.c  >&5
configure:16308: $? = 0
configure:16308: result: yes
configure:16308: checking for strptime
configure:16308: clang -o conftest -g -O2   conftest.c  >&5
configure:16308: $? = 0
configure:16308: result: yes
configure:16319: checking whether byte ordering is bigendian
configure:16334: clang -c -g -O2  conftest.c >&5
configure:16334: $? = 0
configure:16379: clang -c -g -O2  conftest.c >&5
configure:16379: $? = 0
configure:16397: clang -c -g -O2  conftest.c >&5
conftest.c:45:4: error: use of undeclared identifier 'not'
                 not big endian
                 ^
1 error generated.
configure:16397: $? = 1
configure: failed program was:
| /* confdefs.h */
| #define PACKAGE_NAME "libplist"
| #define PACKAGE_TARNAME "libplist"
| #define PACKAGE_VERSION "2.1.0"
| #define PACKAGE_STRING "libplist 2.1.0"
| #define PACKAGE_BUGREPORT "https://github.com/libimobiledevice/libplist/issues"
| #define PACKAGE_URL "http://libimobiledevice.org"
| #define PACKAGE "libplist"
| #define VERSION "2.1.0"
| #define STDC_HEADERS 1
| #define HAVE_SYS_TYPES_H 1
| #define HAVE_SYS_STAT_H 1
| #define HAVE_STDLIB_H 1
| #define HAVE_STRING_H 1
| #define HAVE_MEMORY_H 1
| #define HAVE_STRINGS_H 1
| #define HAVE_INTTYPES_H 1
| #define HAVE_STDINT_H 1
| #define HAVE_UNISTD_H 1
| #define HAVE_DLFCN_H 1
| #define LT_OBJDIR ".libs/"
| #define STDC_HEADERS 1
| #define HAVE_STDINT_H 1
| #define HAVE_STDLIB_H 1
| #define HAVE_STRING_H 1
| #define HAVE_ASPRINTF 1
| #define HAVE_STRCASECMP 1
| #define HAVE_STRDUP 1
| #define HAVE_STRERROR 1
| #define HAVE_STRNDUP 1
| #define HAVE_STPCPY 1
| #define HAVE_VASPRINTF 1
| #define HAVE_GMTIME_R 1
| #define HAVE_LOCALTIME_R 1
| #define HAVE_TIMEGM 1
| #define HAVE_STRPTIME 1
| /* end confdefs.h.  */
| #include <sys/types.h>
| 		#include <sys/param.h>
| 
| int
| main ()
| {
| #if BYTE_ORDER != BIG_ENDIAN
| 		 not big endian
| 		#endif
| 
|   ;
|   return 0;
| }
configure:16525: result: no
configure:16549: checking wether we need platform-specific build settings for darwin19.2.0
configure:16558: result: no
configure:17264: checking for tm_gmtoff in struct tm
configure:17285: clang -c -g -O2  conftest.c >&5
configure:17285: $? = 0
configure:17292: result: yes
configure:17302: checking for tm_zone in struct tm
configure:17323: clang -c -g -O2  conftest.c >&5
conftest.c:48:14: warning: incompatible integer to pointer conversion assigning to 'char *' from 'int' [-Wint-conversion]
                tm.tm_zone = 1;
                           ^ ~
1 warning generated.
configure:17323: $? = 0
configure:17330: result: yes
configure:17384: checking for a Python interpreter with version >= 2.3
configure:17401: python -c import sys # split strings by '.' and convert to numeric. Append some zeros # because we need at least 4 digits for the hex conversion. # map returns an iterator in Python 3.0 and a list in 2.x minver = list(map(int, '2.3'.split('.'))) + [0, 0, 0] minverhex = 0 # xrange is not present in Python 3.0 and range returns an iterator for i in list(range(0, 4)): minverhex = (minverhex << 8) + minver[i] sys.exit(sys.hexversion < minverhex)
configure:17404: $? = 0
configure:17410: result: python
configure:17418: checking for python
configure:17436: found /usr/local/bin/python
configure:17448: result: /usr/local/bin/python
configure:17466: checking for python version
configure:17473: result: 2.7
configure:17485: checking for python platform
configure:17492: result: darwin
configure:17518: checking for python script directory
configure:17553: result: ${prefix}/lib/python2.7/site-packages
configure:17562: checking for python extension module directory
configure:17597: result: ${exec_prefix}/lib/python2.7/site-packages
configure:17613: checking for cython
configure:17646: result: no
configure:17652: WARNING: cannot find 'cython' program. You should look at http://www.cython.org or install your distribution specific cython package.
configure:17729: checking for python2.7
configure:17759: result: /usr/local/bin/python
configure:17775: checking for a version of Python >= '2.1.0'
configure:17801: result: yes
configure:17832: checking for the distutils Python package
configure:17836: result: yes
configure:17850: checking for Python include path
configure:17866: result: -I/usr/local/Cellar/python@2/2.7.17_1/Frameworks/Python.framework/Versions/2.7/include/python2.7
configure:17873: checking for Python library path
configure:17950: result: -L/usr/local/opt/python@2/Frameworks/Python.framework/Versions/2.7/lib -lpython2.7
configure:17957: checking for Python site-packages path
configure:17963: result: /usr/local/Cellar/python@2/2.7.17_1/Frameworks/Python.framework/Versions/2.7/lib/python2.7/site-packages
configure:17970: checking python extra libraries
configure:17977: result: -ldl  -framework CoreFoundation 
configure:17984: checking python extra linking flags
configure:17991: result: -u _PyMac_Error /usr/local/opt/python@2/Frameworks/Python.framework/Versions/2.7/Python
configure:17998: checking consistency of all components of python development environment
configure:18026: clang -o conftest -g -O2  -I/usr/local/Cellar/python@2/2.7.17_1/Frameworks/Python.framework/Versions/2.7/include/python2.7  -u _PyMac_Error /usr/local/opt/python@2/Frameworks/Python.framework/Versions/2.7/Python conftest.c  -L/usr/local/opt/python@2/Frameworks/Python.framework/Versions/2.7/lib -lpython2.7 -ldl  -framework CoreFoundation  -ldl  -framework CoreFoundation  >&5
configure:18026: $? = 0
configure:18044: result: yes
configure:18232: checking for supported compiler flags
configure:18249: clang -c -g -O2 -Wall  conftest.c >&5
configure:18249: $? = 0
configure:18249: clang -c -g -O2 -Wextra  conftest.c >&5
configure:18249: $? = 0
configure:18249: clang -c -g -O2 -Wredundant-decls  conftest.c >&5
configure:18249: $? = 0
configure:18249: clang -c -g -O2 -Wshadow  conftest.c >&5
configure:18249: $? = 0
configure:18249: clang -c -g -O2 -Wpointer-arith  conftest.c >&5
configure:18249: $? = 0
configure:18249: clang -c -g -O2 -Wwrite-strings  conftest.c >&5
configure:18249: $? = 0
configure:18249: clang -c -g -O2 -Wswitch-default  conftest.c >&5
configure:18249: $? = 0
configure:18249: clang -c -g -O2 -Wno-unused-parameter  conftest.c >&5
configure:18249: $? = 0
configure:18249: clang -c -g -O2 -Wno-strict-aliasing  conftest.c >&5
configure:18249: $? = 0
configure:18249: clang -c -g -O2 -fvisibility=hidden  conftest.c >&5
configure:18249: $? = 0
configure:18263: result:  -Wall -Wextra -Wredundant-decls -Wshadow -Wpointer-arith -Wwrite-strings -Wswitch-default -Wno-unused-parameter -Wno-strict-aliasing -fvisibility=hidden
configure:18682: checking whether make supports nested variables
configure:18699: result: yes
configure:18822: checking that generated files are newer than configure
configure:18828: result: done
configure:18868: creating ./config.status

## ---------------------- ##
## Running config.status. ##
## ---------------------- ##

This file was extended by libplist config.status 2.1.0, which was
generated by GNU Autoconf 2.69.  Invocation command line was

  CONFIG_FILES    = 
  CONFIG_HEADERS  = 
  CONFIG_LINKS    = 
  CONFIG_COMMANDS = 
  $ ./config.status 

on Kazuki-Yamamoto-MacBook-Pro-6.local

config.status:1210: creating Makefile
config.status:1210: creating libcnary/Makefile
config.status:1210: creating src/Makefile
config.status:1210: creating src/libplist.pc
config.status:1210: creating src/libplist++.pc
config.status:1210: creating include/Makefile
config.status:1210: creating tools/Makefile
config.status:1210: creating cython/Makefile
config.status:1210: creating test/Makefile
config.status:1210: creating fuzz/Makefile
config.status:1210: creating doxygen.cfg
config.status:1210: creating config.h
config.status:1391: config.h is unchanged
config.status:1439: executing depfiles commands
config.status:1516: cd libcnary       && sed -e '/# am--include-marker/d' Makefile         | make -f - am--depfiles
make: Nothing to be done for `am--depfiles'.
config.status:1521: $? = 0
config.status:1516: cd src       && sed -e '/# am--include-marker/d' Makefile         | make -f - am--depfiles
make: Nothing to be done for `am--depfiles'.
config.status:1521: $? = 0
config.status:1516: cd tools       && sed -e '/# am--include-marker/d' Makefile         | make -f - am--depfiles
make: Nothing to be done for `am--depfiles'.
config.status:1521: $? = 0
config.status:1516: cd cython       && sed -e '/# am--include-marker/d' Makefile         | make -f - am--depfiles
make: Nothing to be done for `am--depfiles'.
config.status:1521: $? = 0
config.status:1516: cd test       && sed -e '/# am--include-marker/d' Makefile         | make -f - am--depfiles
make: Nothing to be done for `am--depfiles'.
config.status:1521: $? = 0
config.status:1516: cd fuzz       && sed -e '/# am--include-marker/d' Makefile         | make -f - am--depfiles
make: Nothing to be done for `am--depfiles'.
config.status:1521: $? = 0
config.status:1439: executing libtool commands

## ---------------- ##
## Cache variables. ##
## ---------------- ##

ac_cv_build=x86_64-apple-darwin19.2.0
ac_cv_c_bigendian=no
ac_cv_c_compiler_gnu=yes
ac_cv_c_const=yes
ac_cv_c_uint16_t=yes
ac_cv_c_uint32_t=yes
ac_cv_c_uint8_t=yes
ac_cv_cxx_compiler_gnu=yes
ac_cv_env_CCC_set=
ac_cv_env_CCC_value=
ac_cv_env_CC_set=
ac_cv_env_CC_value=
ac_cv_env_CFLAGS_set=
ac_cv_env_CFLAGS_value=
ac_cv_env_CPPFLAGS_set=
ac_cv_env_CPPFLAGS_value=
ac_cv_env_CPP_set=
ac_cv_env_CPP_value=
ac_cv_env_CXXCPP_set=
ac_cv_env_CXXCPP_value=
ac_cv_env_CXXFLAGS_set=
ac_cv_env_CXXFLAGS_value=
ac_cv_env_CXX_set=
ac_cv_env_CXX_value=
ac_cv_env_LDFLAGS_set=
ac_cv_env_LDFLAGS_value=
ac_cv_env_LIBS_set=
ac_cv_env_LIBS_value=
ac_cv_env_LT_SYS_LIBRARY_PATH_set=
ac_cv_env_LT_SYS_LIBRARY_PATH_value=
ac_cv_env_PKG_CONFIG_LIBDIR_set=
ac_cv_env_PKG_CONFIG_LIBDIR_value=
ac_cv_env_PKG_CONFIG_PATH_set=set
ac_cv_env_PKG_CONFIG_PATH_value=/usr/local/opt/openssl@1.1/lib/pkgconfig
ac_cv_env_PKG_CONFIG_set=
ac_cv_env_PKG_CONFIG_value=
ac_cv_env_PYTHON_VERSION_set=
ac_cv_env_PYTHON_VERSION_value=
ac_cv_env_PYTHON_set=
ac_cv_env_PYTHON_value=
ac_cv_env_build_alias_set=
ac_cv_env_build_alias_value=
ac_cv_env_host_alias_set=
ac_cv_env_host_alias_value=
ac_cv_env_target_alias_set=
ac_cv_env_target_alias_value=
ac_cv_func_asprintf=yes
ac_cv_func_gmtime_r=yes
ac_cv_func_localtime_r=yes
ac_cv_func_stpcpy=yes
ac_cv_func_strcasecmp=yes
ac_cv_func_strdup=yes
ac_cv_func_strerror=yes
ac_cv_func_strndup=yes
ac_cv_func_strptime=yes
ac_cv_func_timegm=yes
ac_cv_func_vasprintf=yes
ac_cv_header_dlfcn_h=yes
ac_cv_header_inttypes_h=yes
ac_cv_header_memory_h=yes
ac_cv_header_stdc=yes
ac_cv_header_stdint_h=yes
ac_cv_header_stdlib_h=yes
ac_cv_header_string_h=yes
ac_cv_header_strings_h=yes
ac_cv_header_sys_stat_h=yes
ac_cv_header_sys_types_h=yes
ac_cv_header_unistd_h=yes
ac_cv_host=x86_64-apple-darwin19.2.0
ac_cv_objext=o
ac_cv_path_EGREP='/usr/bin/grep -E'
ac_cv_path_FGREP='/usr/bin/grep -F'
ac_cv_path_GREP=/usr/bin/grep
ac_cv_path_PYTHON=/usr/local/bin/python
ac_cv_path_SED=/usr/bin/sed
ac_cv_path_install='/usr/bin/install -c'
ac_cv_path_lt_DD=/bin/dd
ac_cv_prog_AWK=awk
ac_cv_prog_CPP='clang -E'
ac_cv_prog_CXXCPP='clang++ -E'
ac_cv_prog_ac_ct_AR=ar
ac_cv_prog_ac_ct_CC=clang
ac_cv_prog_ac_ct_DSYMUTIL=dsymutil
ac_cv_prog_ac_ct_LIPO=lipo
ac_cv_prog_ac_ct_NMEDIT=nmedit
ac_cv_prog_ac_ct_OBJDUMP=objdump
ac_cv_prog_ac_ct_OTOOL=otool
ac_cv_prog_ac_ct_RANLIB=ranlib
ac_cv_prog_ac_ct_STRIP=strip
ac_cv_prog_cc_c89=
ac_cv_prog_cc_g=yes
ac_cv_prog_cxx_g=yes
ac_cv_prog_make_make_set=yes
ac_cv_struct_tm_gmtoff=yes
ac_cv_struct_tm_zone=yes
ac_cv_type_size_t=yes
ac_cv_type_ssize_t=yes
am_cv_CC_dependencies_compiler_type=gcc3
am_cv_CXX_dependencies_compiler_type=gcc3
am_cv_make_support_nested_variables=yes
am_cv_pathless_PYTHON=python
am_cv_prog_cc_c_o=yes
am_cv_python_platform=darwin
am_cv_python_pyexecdir='${exec_prefix}/lib/python2.7/site-packages'
am_cv_python_pythondir='${prefix}/lib/python2.7/site-packages'
am_cv_python_version=2.7
lt_cv_apple_cc_single_mod=yes
lt_cv_ar_at_file=no
lt_cv_deplibs_check_method=pass_all
lt_cv_file_magic_cmd='$MAGIC_CMD'
lt_cv_file_magic_test_file=
lt_cv_ld_exported_symbols_list=yes
lt_cv_ld_force_load=yes
lt_cv_ld_reload_flag=-r
lt_cv_nm_interface='BSD nm'
lt_cv_objdir=.libs
lt_cv_path_LD=/Applications/Xcode11.3.app/Contents/Developer/Toolchains/XcodeDefault.xctoolchain/usr/bin/ld
lt_cv_path_LDCXX=/Applications/Xcode11.3.app/Contents/Developer/Toolchains/XcodeDefault.xctoolchain/usr/bin/ld
lt_cv_path_NM='/Applications/Xcode11.3.app/Contents/Developer/Toolchains/XcodeDefault.xctoolchain/usr/bin/nm -B'
lt_cv_path_mainfest_tool=no
lt_cv_prog_compiler_c_o=yes
lt_cv_prog_compiler_c_o_CXX=yes
lt_cv_prog_compiler_pic='-fno-common -DPIC'
lt_cv_prog_compiler_pic_CXX='-fno-common -DPIC'
lt_cv_prog_compiler_pic_works=yes
lt_cv_prog_compiler_pic_works_CXX=yes
lt_cv_prog_compiler_rtti_exceptions=yes
lt_cv_prog_compiler_static_works=no
lt_cv_prog_compiler_static_works_CXX=no
lt_cv_prog_gnu_ld=no
lt_cv_prog_gnu_ldcxx=no
lt_cv_sharedlib_from_linklib_cmd='printf %s\n'
lt_cv_sys_global_symbol_pipe='sed -n -e '\''s/^.*[	 ]\([BCDEGRST][BCDEGRST]*\)[	 ][	 ]*_\([_A-Za-z][_A-Za-z0-9]*\)$/\1 _\2 \2/p'\'' | sed '\''/ __gnu_lto/d'\'''
lt_cv_sys_global_symbol_to_c_name_address='sed -n -e '\''s/^: \(.*\) .*$/  {"\1", (void *) 0},/p'\'' -e '\''s/^[BCDEGRST][BCDEGRST]* .* \(.*\)$/  {"\1", (void *) \&\1},/p'\'''
lt_cv_sys_global_symbol_to_c_name_address_lib_prefix='sed -n -e '\''s/^: \(.*\) .*$/  {"\1", (void *) 0},/p'\'' -e '\''s/^[BCDEGRST][BCDEGRST]* .* \(lib.*\)$/  {"\1", (void *) \&\1},/p'\'' -e '\''s/^[BCDEGRST][BCDEGRST]* .* \(.*\)$/  {"lib\1", (void *) \&\1},/p'\'''
lt_cv_sys_global_symbol_to_cdecl='sed -n -e '\''s/^T .* \(.*\)$/extern int \1();/p'\'' -e '\''s/^[BCDEGRST][BCDEGRST]* .* \(.*\)$/extern char \1;/p'\'''
lt_cv_sys_global_symbol_to_import=
lt_cv_sys_max_cmd_len=196608
lt_cv_to_host_file_cmd=func_convert_file_noop
lt_cv_to_tool_file_cmd=func_convert_file_noop
lt_cv_truncate_bin='/bin/dd bs=4096 count=1'

## ----------------- ##
## Output variables. ##
## ----------------- ##

ACLOCAL='${SHELL} /Users/kyamamoto/Projects/swift/SwiftyLibPlist/libplist/missing aclocal-1.16'
AMDEPBACKSLASH='\'
AMDEP_FALSE='#'
AMDEP_TRUE=''
AMTAR='$${TAR-tar}'
AM_BACKSLASH='\'
AM_DEFAULT_V='$(AM_DEFAULT_VERBOSITY)'
AM_DEFAULT_VERBOSITY='0'
AM_V='$(V)'
AR='ar'
AUTOCONF='${SHELL} /Users/kyamamoto/Projects/swift/SwiftyLibPlist/libplist/missing autoconf'
AUTOHEADER='${SHELL} /Users/kyamamoto/Projects/swift/SwiftyLibPlist/libplist/missing autoheader'
AUTOMAKE='${SHELL} /Users/kyamamoto/Projects/swift/SwiftyLibPlist/libplist/missing automake-1.16'
AWK='awk'
BUILD_FUZZERS_FALSE=''
BUILD_FUZZERS_TRUE='#'
CC='clang'
CCDEPMODE='depmode=gcc3'
CFLAGS='-g -O2'
CPP='clang -E'
CPPFLAGS=''
CXX='clang++'
CXXCPP='clang++ -E'
CXXDEPMODE='depmode=gcc3'
CXXFLAGS='-g -O2'
CYGPATH_W='echo'
CYTHON='false'
CYTHON_LIB=''
CYTHON_PLIST_INCLUDE_DIR=''
CYTHON_PYTHON_CPPFLAGS='-I/usr/local/Cellar/python@2/2.7.17_1/Frameworks/Python.framework/Versions/2.7/include/python2.7'
CYTHON_PYTHON_OPT='-python'
DEFS='-DHAVE_CONFIG_H'
DEPDIR='.deps'
DLLTOOL='false'
DSYMUTIL='dsymutil'
DUMPBIN=''
ECHO_C='\c'
ECHO_N=''
ECHO_T=''
EGREP='/usr/bin/grep -E'
EXEEXT=''
FGREP='/usr/bin/grep -F'
GLOBAL_CFLAGS='  -Wall -Wextra -Wredundant-decls -Wshadow -Wpointer-arith -Wwrite-strings -Wswitch-default -Wno-unused-parameter -Wno-strict-aliasing -fvisibility=hidden'
GLOBAL_LDFLAGS=''
GREP='/usr/bin/grep'
HAVE_CYTHON_FALSE=''
HAVE_CYTHON_TRUE='#'
INSTALL_DATA='${INSTALL} -m 644'
INSTALL_PROGRAM='${INSTALL}'
INSTALL_SCRIPT='${INSTALL}'
INSTALL_STRIP_PROGRAM='$(install_sh) -c -s'
LD='/Applications/Xcode11.3.app/Contents/Developer/Toolchains/XcodeDefault.xctoolchain/usr/bin/ld'
LDFLAGS=''
LIBOBJS=''
LIBPLIST_SO_VERSION='5:0:2'
LIBS=''
LIBTOOL='$(SHELL) $(top_builddir)/libtool'
LIPO='lipo'
LN_S='ln -s'
LTLIBOBJS=''
LT_SYS_LIBRARY_PATH=''
MAKEINFO='${SHELL} /Users/kyamamoto/Projects/swift/SwiftyLibPlist/libplist/missing makeinfo'
MANIFEST_TOOL=':'
MKDIR_P='./install-sh -c -d'
NM='/Applications/Xcode11.3.app/Contents/Developer/Toolchains/XcodeDefault.xctoolchain/usr/bin/nm -B'
NMEDIT='nmedit'
OBJDUMP='objdump'
OBJEXT='o'
OTOOL64=':'
OTOOL='otool'
PACKAGE='libplist'
PACKAGE_BUGREPORT='https://github.com/libimobiledevice/libplist/issues'
PACKAGE_NAME='libplist'
PACKAGE_STRING='libplist 2.1.0'
PACKAGE_TARNAME='libplist'
PACKAGE_URL='http://libimobiledevice.org'
PACKAGE_VERSION='2.1.0'
PATH_SEPARATOR=':'
PKG_CONFIG=''
PKG_CONFIG_LIBDIR=''
PKG_CONFIG_PATH='/usr/local/opt/openssl@1.1/lib/pkgconfig'
PTHREAD_CC=''
PTHREAD_CFLAGS=''
PTHREAD_LIBS=''
PYTHON='/usr/local/bin/python'
PYTHON_CPPFLAGS='-I/usr/local/Cellar/python@2/2.7.17_1/Frameworks/Python.framework/Versions/2.7/include/python2.7'
PYTHON_EXEC_PREFIX='${exec_prefix}'
PYTHON_EXTRA_LDFLAGS='-u _PyMac_Error /usr/local/opt/python@2/Frameworks/Python.framework/Versions/2.7/Python'
PYTHON_EXTRA_LIBS='-ldl  -framework CoreFoundation '
PYTHON_LIBS='-L/usr/local/opt/python@2/Frameworks/Python.framework/Versions/2.7/lib -lpython2.7'
PYTHON_PLATFORM='darwin'
PYTHON_PREFIX='${prefix}'
PYTHON_SITE_PKG='/usr/local/Cellar/python@2/2.7.17_1/Frameworks/Python.framework/Versions/2.7/lib/python2.7/site-packages'
PYTHON_VERSION='2.7'
RANLIB='ranlib'
SED='/usr/bin/sed'
SET_MAKE=''
SHELL='/bin/sh'
STRIP='strip'
VERSION='2.1.0'
WIN32_FALSE=''
WIN32_TRUE='#'
ac_ct_AR='ar'
ac_ct_CC='clang'
ac_ct_CXX=''
ac_ct_DUMPBIN=''
am__EXEEXT_FALSE=''
am__EXEEXT_TRUE='#'
am__fastdepCC_FALSE='#'
am__fastdepCC_TRUE=''
am__fastdepCXX_FALSE='#'
am__fastdepCXX_TRUE=''
am__include='include'
am__isrc=''
am__leading_dot='.'
am__nodep='_no'
am__quote=''
am__tar='$${TAR-tar} chof - "$$tardir"'
am__untar='$${TAR-tar} xf -'
ax_pthread_config=''
bindir='${exec_prefix}/bin'
build='x86_64-apple-darwin19.2.0'
build_alias=''
build_cpu='x86_64'
build_os='darwin19.2.0'
build_vendor='apple'
datadir='${datarootdir}'
datarootdir='${prefix}/share'
docdir='${datarootdir}/doc/${PACKAGE_TARNAME}'
dvidir='${docdir}'
exec_prefix='${prefix}'
host='x86_64-apple-darwin19.2.0'
host_alias=''
host_cpu='x86_64'
host_os='darwin19.2.0'
host_vendor='apple'
htmldir='${docdir}'
includedir='${prefix}/include'
infodir='${datarootdir}/info'
install_sh='${SHELL} /Users/kyamamoto/Projects/swift/SwiftyLibPlist/libplist/install-sh'
libdir='${exec_prefix}/lib'
libexecdir='${exec_prefix}/libexec'
localedir='${datarootdir}/locale'
localstatedir='${prefix}/var'
mandir='${datarootdir}/man'
mkdir_p='$(MKDIR_P)'
oldincludedir='/usr/include'
pdfdir='${docdir}'
pkgpyexecdir='${pyexecdir}/libplist'
pkgpythondir='${pythondir}/libplist'
prefix='/usr/local'
program_transform_name='s,x,x,'
psdir='${docdir}'
pyexecdir='${exec_prefix}/lib/python2.7/site-packages'
pythondir='${prefix}/lib/python2.7/site-packages'
sbindir='${exec_prefix}/sbin'
sharedstatedir='${prefix}/com'
sysconfdir='${prefix}/etc'
target_alias=''

## ----------- ##
## confdefs.h. ##
## ----------- ##

/* confdefs.h */
#define PACKAGE_NAME "libplist"
#define PACKAGE_TARNAME "libplist"
#define PACKAGE_VERSION "2.1.0"
#define PACKAGE_STRING "libplist 2.1.0"
#define PACKAGE_BUGREPORT "https://github.com/libimobiledevice/libplist/issues"
#define PACKAGE_URL "http://libimobiledevice.org"
#define PACKAGE "libplist"
#define VERSION "2.1.0"
#define STDC_HEADERS 1
#define HAVE_SYS_TYPES_H 1
#define HAVE_SYS_STAT_H 1
#define HAVE_STDLIB_H 1
#define HAVE_STRING_H 1
#define HAVE_MEMORY_H 1
#define HAVE_STRINGS_H 1
#define HAVE_INTTYPES_H 1
#define HAVE_STDINT_H 1
#define HAVE_UNISTD_H 1
#define HAVE_DLFCN_H 1
#define LT_OBJDIR ".libs/"
#define STDC_HEADERS 1
#define HAVE_STDINT_H 1
#define HAVE_STDLIB_H 1
#define HAVE_STRING_H 1
#define HAVE_ASPRINTF 1
#define HAVE_STRCASECMP 1
#define HAVE_STRDUP 1
#define HAVE_STRERROR 1
#define HAVE_STRNDUP 1
#define HAVE_STPCPY 1
#define HAVE_VASPRINTF 1
#define HAVE_GMTIME_R 1
#define HAVE_LOCALTIME_R 1
#define HAVE_TIMEGM 1
#define HAVE_STRPTIME 1
#define __LITTLE_ENDIAN__ 1
#define HAVE_TM_TM_GMTOFF 1
#define HAVE_TM_TM_ZONE 1
#define HAVE_PYTHON "2.7"
#define HAVE_FVISIBILITY 1

configure: exit 0
